2020-03-06 16:50:59 [main] INFO  by.epam.dao.Controller - 1by.epam.dao.ActivityControllerobjects saved successfully
2020-03-06 16:51:01 [main] INFO  by.epam.dao.Controller - java.io.ObjectInputStream@130c12b7
2020-03-06 16:51:01 [main] ERROR by.epam.dao.Controller - java.io.EOFException
2020-03-06 16:54:03 [main] INFO  by.epam.dao.Controller - java.io.ObjectInputStream@d5b810e
2020-03-06 16:54:03 [main] ERROR by.epam.dao.Controller - java.io.EOFException
2020-03-06 16:54:12 [main] INFO  by.epam.dao.Controller - Activity[type=POWER, description='ddddd', link='aaaa'] successfully added
2020-03-06 16:54:22 [main] INFO  by.epam.dao.Controller - Activity[type=POWER, description='sssssss', link='aad'] successfully added
2020-03-06 16:54:23 [main] INFO  by.epam.dao.Controller - 2by.epam.dao.ActivityControllerobjects saved successfully
2020-03-06 16:54:31 [main] INFO  by.epam.dao.Controller - java.io.ObjectInputStream@506ae4d4
2020-03-06 16:54:31 [main] ERROR by.epam.dao.Controller - java.io.EOFException
2020-03-06 16:58:40 [main] INFO  by.epam.dao.Controller - java.io.ObjectInputStream@43dac38f
2020-03-06 16:58:40 [main] ERROR by.epam.dao.Controller - java.io.EOFException
2020-03-06 16:58:48 [main] INFO  by.epam.dao.Controller - Activity[type=POWER, description='aaa', link='aaa'] successfully added
2020-03-06 16:58:51 [main] INFO  by.epam.dao.Controller - 1by.epam.dao.ActivityControllerobjects saved successfully
2020-03-06 16:58:55 [main] INFO  by.epam.dao.Controller - java.io.ObjectInputStream@48aca48b
2020-03-06 16:58:55 [main] ERROR by.epam.dao.Controller - java.io.EOFException
2020-03-06 17:32:06 [main] INFO  by.epam.dao.Controller - java.io.ObjectInputStream@54bff557
2020-03-06 17:32:06 [main] ERROR by.epam.dao.Controller - java.io.EOFException
2020-03-06 17:32:43 [main] INFO  by.epam.dao.Controller - Activity[type=POWER, description='sss', link='ssss'] successfully added
2020-03-06 17:32:53 [main] INFO  by.epam.dao.Controller - 1by.epam.dao.ActivityControllerobjects saved successfully
2020-03-06 17:33:06 [main] INFO  by.epam.dao.Controller - java.io.ObjectInputStream@593aaf41
2020-03-06 17:33:06 [main] ERROR by.epam.dao.Controller - java.io.EOFException
2020-03-06 17:47:57 [main] INFO  by.epam.dao.Controller - java.io.ObjectInputStream@1de76cc7
2020-03-06 17:47:57 [main] ERROR by.epam.dao.Controller - java.io.EOFException
2020-03-06 17:48:09 [main] INFO  by.epam.dao.Controller - Activity[type=POWER, description='ssss', link='sssssss'] successfully added
2020-03-06 17:48:11 [main] INFO  by.epam.dao.Controller - 1by.epam.dao.ActivityControllerobjects saved successfully
2020-03-06 17:48:13 [main] INFO  by.epam.dao.Controller - java.io.ObjectInputStream@72e5a8e
2020-03-06 17:48:13 [main] ERROR by.epam.dao.Controller - java.io.EOFException
2020-03-06 19:20:56 [main] ERROR by.epam.dao.Controller - java.io.FileNotFoundException: data/dish.dat (No such file or directory)
2020-03-06 19:20:56 [main] INFO  by.epam.dao.Controller - null
2020-03-06 19:21:06 [main] ERROR by.epam.dao.Controller - java.io.FileNotFoundException: data/activity.dat (No such file or directory)
2020-03-06 19:21:06 [main] INFO  by.epam.dao.Controller - null
2020-03-06 19:22:18 [main] INFO  by.epam.dao.Controller - java.io.ObjectInputStream@33990a0c
2020-03-06 19:22:18 [main] ERROR by.epam.dao.Controller - java.io.EOFException
2020-03-06 19:22:37 [main] INFO  by.epam.dao.Controller - Activity[type=POWER, description='sss', link='asdasda'] successfully added
2020-03-06 19:22:42 [main] INFO  by.epam.dao.Controller - 1objects saved successfully
2020-03-06 19:22:44 [main] INFO  by.epam.dao.Controller - java.io.ObjectInputStream@28f2a10f
2020-03-06 19:22:44 [main] ERROR by.epam.dao.Controller - java.io.EOFException
2020-03-06 19:23:05 [main] INFO  by.epam.dao.Controller - 0objects saved successfully
2020-03-06 19:24:07 [main] INFO  by.epam.dao.Controller - java.io.ObjectInputStream@33990a0c
2020-03-06 19:24:07 [main] ERROR by.epam.dao.Controller - java.io.EOFException
2020-03-06 19:24:22 [main] INFO  by.epam.dao.Controller - Activity[type=POWER, description='aaaaa', link='xsafdsdf'] successfully added
2020-03-06 19:24:25 [main] INFO  by.epam.dao.Controller - 1objects saved successfully
2020-03-06 19:24:27 [main] INFO  by.epam.dao.Controller - java.io.ObjectInputStream@47faa49c
2020-03-06 19:24:27 [main] ERROR by.epam.dao.Controller - java.io.EOFException
2020-03-06 19:24:43 [main] INFO  by.epam.dao.Controller - 0objects saved successfully
2020-03-06 19:25:10 [main] INFO  by.epam.dao.Controller - 0objects saved successfully
2020-03-06 19:25:47 [main] INFO  by.epam.dao.Controller - java.io.ObjectInputStream@33990a0c
2020-03-06 19:25:47 [main] ERROR by.epam.dao.Controller - java.io.EOFException
2020-03-06 19:25:53 [main] INFO  by.epam.dao.Controller - 0objects saved successfully
2020-03-06 19:26:00 [main] INFO  by.epam.dao.Controller - 0objects saved successfully
2020-03-06 19:30:37 [main] INFO  by.epam.dao.Controller - java.io.ObjectInputStream@33990a0c
2020-03-06 19:30:37 [main] ERROR by.epam.dao.Controller - java.io.EOFException
2020-03-06 19:31:40 [main] INFO  by.epam.dao.Controller - Activity[type=POWER, description='asd', link='asda'] successfully added
2020-03-06 19:31:54 [main] INFO  by.epam.dao.Controller - Activity[type=CARDIO, description='qwe', link='dfgsf'] successfully added
2020-03-06 19:32:16 [main] INFO  by.epam.dao.Controller - 2objects saved successfully
2020-03-06 19:32:26 [main] INFO  by.epam.dao.Controller - java.io.ObjectInputStream@4229bb3f
2020-03-06 19:32:26 [main] ERROR by.epam.dao.Controller - java.io.EOFException
2020-03-06 19:32:35 [main] INFO  by.epam.dao.Controller - 0objects saved successfully
